c:\users\jangr\music\game\game\x64\debug\vc143.pdb
c:\users\jangr\music\game\game\x64\debug\vc143.idb
c:\users\jangr\music\game\game\x64\debug\position.obj
c:\users\jangr\music\game\game\x64\debug\main.obj
c:\users\jangr\music\game\game\x64\debug\grid.obj
c:\users\jangr\music\game\game\x64\debug\game.obj
c:\users\jangr\music\game\game\x64\debug\colours.obj
c:\users\jangr\music\game\game\x64\debug\blocks.obj
c:\users\jangr\music\game\game\x64\debug\block.obj
c:\users\jangr\music\game\x64\debug\raylib.dll
c:\users\jangr\music\game\x64\debug\glfw3.dll
c:\users\jangr\music\game\game\x64\debug\game.ilk
c:\users\jangr\music\game\x64\debug\game.pdb
c:\users\jangr\music\game\x64\debug\game.exe
c:\users\jangr\music\game\game\x64\debug\game.tlog\cl.command.1.tlog
c:\users\jangr\music\game\game\x64\debug\game.tlog\cl.items.tlog
c:\users\jangr\music\game\game\x64\debug\game.tlog\cl.read.1.tlog
c:\users\jangr\music\game\game\x64\debug\game.tlog\cl.write.1.tlog
c:\users\jangr\music\game\game\x64\debug\game.tlog\game.write.1u.tlog
c:\users\jangr\music\game\game\x64\debug\game.tlog\link.command.1.tlog
c:\users\jangr\music\game\game\x64\debug\game.tlog\link.read.1.tlog
c:\users\jangr\music\game\game\x64\debug\game.tlog\link.secondary.1.tlog
c:\users\jangr\music\game\game\x64\debug\game.tlog\link.write.1.tlog
